\BOOKMARK [1][-]{section.1}{\376\377\000I\000n\000t\000r\000o\000d\000u\000c\000t\000i\000o\000n}{}% 1
\BOOKMARK [1][-]{section.2}{\376\377\000R\000e\000l\000a\000t\000e\000d\000\040\000L\000i\000t\000e\000r\000a\000t\000u\000r\000e}{}% 2
\BOOKMARK [2][-]{subsection.2.1}{\376\377\000T\000h\000e\000\040\000E\000c\000o\000n\000o\000m\000i\000c\000s\000\040\000o\000f\000\040\000C\000h\000a\000r\000i\000t\000a\000b\000l\000e\000\040\000G\000i\000v\000i\000n\000g\000:\000\040\000T\000h\000e\000o\000r\000e\000t\000i\000c\000a\000l\000\040\000F\000o\000u\000n\000d\000a\000t\000i\000o\000n\000s}{section.2}% 3
\BOOKMARK [2][-]{subsection.2.2}{\376\377\000E\000m\000p\000i\000r\000i\000c\000a\000l\000\040\000E\000v\000i\000d\000e\000n\000c\000e\000\040\000o\000n\000\040\000D\000o\000n\000o\000r\000\040\000B\000e\000h\000a\000v\000i\000o\000r}{section.2}% 4
\BOOKMARK [2][-]{subsection.2.3}{\376\377\000C\000r\000i\000s\000i\000s\000\040\000R\000e\000s\000p\000o\000n\000s\000e\000\040\000a\000n\000d\000\040\000D\000i\000s\000a\000s\000t\000e\000r\000\040\000G\000i\000v\000i\000n\000g}{section.2}% 5
\BOOKMARK [2][-]{subsection.2.4}{\376\377\000E\000c\000o\000n\000o\000m\000i\000c\000s\000\040\000o\000f\000\040\000C\000r\000o\000w\000d\000f\000u\000n\000d\000i\000n\000g\000\040\000a\000n\000d\000\040\000P\000l\000a\000t\000f\000o\000r\000m\000\040\000D\000e\000s\000i\000g\000n}{section.2}% 6
\BOOKMARK [2][-]{subsection.2.5}{\376\377\000R\000e\000c\000e\000n\000t\000\040\000M\000e\000t\000h\000o\000d\000o\000l\000o\000g\000i\000c\000a\000l\000\040\000A\000d\000v\000a\000n\000c\000e\000s\000\040\000i\000n\000\040\000D\000i\000f\000f\000e\000r\000e\000n\000c\000e\000-\000i\000n\000-\000D\000i\000f\000f\000e\000r\000e\000n\000c\000e\000s}{section.2}% 7
\BOOKMARK [1][-]{section.3}{\376\377\000T\000h\000e\000o\000r\000e\000t\000i\000c\000a\000l\000\040\000F\000r\000a\000m\000e\000w\000o\000r\000k}{}% 8
\BOOKMARK [2][-]{subsection.3.1}{\376\377\000E\000n\000v\000i\000r\000o\000n\000m\000e\000n\000t}{section.3}% 9
\BOOKMARK [2][-]{subsection.3.2}{\376\377\000P\000r\000e\000f\000e\000r\000e\000n\000c\000e\000s}{section.3}% 10
\BOOKMARK [2][-]{subsection.3.3}{\376\377\000B\000u\000d\000g\000e\000t\000\040\000C\000o\000n\000s\000t\000r\000a\000i\000n\000t}{section.3}% 11
\BOOKMARK [2][-]{subsection.3.4}{\376\377\000T\000h\000e\000\040\000D\000o\000n\000o\000r\000'\000s\000\040\000O\000p\000t\000i\000m\000i\000z\000a\000t\000i\000o\000n\000\040\000P\000r\000o\000b\000l\000e\000m}{section.3}% 12
\BOOKMARK [3][-]{subsubsection.3.4.1}{\376\377\000S\000t\000a\000g\000e\000\040\0002\000:\000\040\000O\000p\000t\000i\000m\000a\000l\000\040\000A\000l\000l\000o\000c\000a\000t\000i\000o\000n\000\040\000A\000c\000r\000o\000s\000s\000\040\000P\000r\000o\000j\000e\000c\000t\000s}{subsection.3.4}% 13
\BOOKMARK [3][-]{subsubsection.3.4.2}{\376\377\000S\000t\000a\000g\000e\000\040\0001\000:\000\040\000O\000p\000t\000i\000m\000a\000l\000\040\000T\000o\000t\000a\000l\000\040\000G\000i\000v\000i\000n\000g}{subsection.3.4}% 14
\BOOKMARK [2][-]{subsection.3.5}{\376\377\000T\000h\000e\000\040\000E\000x\000t\000e\000n\000s\000i\000v\000e\000\040\000M\000a\000r\000g\000i\000n\000:\000\040\000A\000c\000t\000i\000v\000e\000\040\000v\000s\000.\000\040\000L\000a\000t\000e\000n\000t\000\040\000D\000o\000n\000o\000r\000s}{section.3}% 15
\BOOKMARK [2][-]{subsection.3.6}{\376\377\000A\000t\000t\000e\000n\000t\000i\000o\000n\000\040\000F\000o\000r\000m\000a\000t\000i\000o\000n\000\040\000a\000n\000d\000\040\000C\000r\000i\000s\000i\000s\000\040\000S\000h\000o\000c\000k\000s}{section.3}% 16
\BOOKMARK [2][-]{subsection.3.7}{\376\377\000C\000r\000i\000s\000i\000s\000\040\000E\000f\000f\000e\000c\000t\000s\000:\000\040\000I\000n\000t\000e\000n\000s\000i\000v\000e\000\040\000a\000n\000d\000\040\000E\000x\000t\000e\000n\000s\000i\000v\000e\000\040\000M\000a\000r\000g\000i\000n\000s}{section.3}% 17
\BOOKMARK [3][-]{subsubsection.3.7.1}{\376\377\000I\000n\000t\000e\000n\000s\000i\000v\000e\000\040\000M\000a\000r\000g\000i\000n\000:\000\040\000R\000e\000a\000l\000l\000o\000c\000a\000t\000i\000o\000n\000\040\000b\000y\000\040\000E\000x\000i\000s\000t\000i\000n\000g\000\040\000D\000o\000n\000o\000r\000s}{subsection.3.7}% 18
\BOOKMARK [3][-]{subsubsection.3.7.2}{\376\377\000E\000x\000t\000e\000n\000s\000i\000v\000e\000\040\000M\000a\000r\000g\000i\000n\000:\000\040\000A\000c\000t\000i\000v\000a\000t\000i\000o\000n\000\040\000o\000f\000\040\000N\000e\000w\000\040\000D\000o\000n\000o\000r\000s}{subsection.3.7}% 19
\BOOKMARK [3][-]{subsubsection.3.7.3}{\376\377\000T\000o\000t\000a\000l\000\040\000C\000r\000i\000s\000i\000s\000\040\000E\000f\000f\000e\000c\000t\000\040\000a\000n\000d\000\040\000D\000e\000c\000o\000m\000p\000o\000s\000i\000t\000i\000o\000n}{subsection.3.7}% 20
\BOOKMARK [2][-]{subsection.3.8}{\376\377\000N\000a\000r\000r\000a\000t\000i\000v\000e\000\040\000E\000f\000f\000e\000c\000t\000s\000\040\000a\000n\000d\000\040\000P\000r\000o\000j\000e\000c\000t\000\040\000H\000e\000t\000e\000r\000o\000g\000e\000n\000e\000i\000t\000y}{section.3}% 21
\BOOKMARK [2][-]{subsection.3.9}{\376\377\000S\000u\000m\000m\000a\000r\000y\000:\000\040\000M\000o\000d\000e\000l\000\040\000P\000r\000e\000d\000i\000c\000t\000i\000o\000n\000s}{section.3}% 22
\BOOKMARK [2][-]{subsection.3.10}{\376\377\000I\000d\000e\000n\000t\000i\000f\000i\000c\000a\000t\000i\000o\000n\000\040\000S\000t\000r\000a\000t\000e\000g\000y}{section.3}% 23
\BOOKMARK [1][-]{section.4}{\376\377\000D\000a\000t\000a\000\040\000a\000n\000d\000\040\000I\000n\000s\000t\000i\000t\000u\000t\000i\000o\000n\000a\000l\000\040\000B\000a\000c\000k\000g\000r\000o\000u\000n\000d}{}% 24
\BOOKMARK [2][-]{subsection.4.1}{\376\377\000T\000h\000e\000\040\000G\000l\000o\000b\000a\000l\000G\000i\000v\000i\000n\000g\000\040\000P\000l\000a\000t\000f\000o\000r\000m}{section.4}% 25
\BOOKMARK [2][-]{subsection.4.2}{\376\377\000D\000a\000t\000a\000\040\000D\000e\000s\000c\000r\000i\000p\000t\000i\000o\000n}{section.4}% 26
\BOOKMARK [2][-]{subsection.4.3}{\376\377\000V\000a\000r\000i\000a\000b\000l\000e\000\040\000C\000o\000n\000s\000t\000r\000u\000c\000t\000i\000o\000n}{section.4}% 27
\BOOKMARK [2][-]{subsection.4.4}{\376\377\000T\000i\000m\000e\000\040\000S\000e\000r\000i\000e\000s\000\040\000P\000a\000t\000t\000e\000r\000n\000s}{section.4}% 28
\BOOKMARK [1][-]{section.5}{\376\377\000E\000m\000p\000i\000r\000i\000c\000a\000l\000\040\000S\000t\000r\000a\000t\000e\000g\000y}{}% 29
\BOOKMARK [2][-]{subsection.5.1}{\376\377\000D\000i\000f\000f\000e\000r\000e\000n\000c\000e\000-\000i\000n\000-\000D\000i\000f\000f\000e\000r\000e\000n\000c\000e\000s\000\040\000D\000e\000s\000i\000g\000n}{section.5}% 30
\BOOKMARK [2][-]{subsection.5.2}{\376\377\000E\000v\000e\000n\000t\000\040\000S\000t\000u\000d\000y\000\040\000S\000p\000e\000c\000i\000f\000i\000c\000a\000t\000i\000o\000n}{section.5}% 31
\BOOKMARK [2][-]{subsection.5.3}{\376\377\000P\000l\000a\000c\000e\000b\000o\000\040\000T\000e\000s\000t\000s}{section.5}% 32
\BOOKMARK [2][-]{subsection.5.4}{\376\377\000T\000h\000r\000e\000a\000t\000s\000\040\000t\000o\000\040\000I\000d\000e\000n\000t\000i\000f\000i\000c\000a\000t\000i\000o\000n}{section.5}% 33
\BOOKMARK [1][-]{section.6}{\376\377\000M\000a\000i\000n\000\040\000R\000e\000s\000u\000l\000t\000s\000:\000\040\000C\000r\000i\000s\000i\000s\000\040\000E\000f\000f\000e\000c\000t\000s}{}% 34
\BOOKMARK [2][-]{subsection.6.1}{\376\377\000E\000v\000e\000n\000t\000\040\000S\000t\000u\000d\000y\000\040\000E\000v\000i\000d\000e\000n\000c\000e}{section.6}% 35
\BOOKMARK [2][-]{subsection.6.2}{\376\377\000D\000i\000f\000f\000e\000r\000e\000n\000c\000e\000-\000i\000n\000-\000D\000i\000f\000f\000e\000r\000e\000n\000c\000e\000s\000\040\000E\000s\000t\000i\000m\000a\000t\000e\000s}{section.6}% 36
\BOOKMARK [2][-]{subsection.6.3}{\376\377\000P\000l\000a\000c\000e\000b\000o\000\040\000T\000e\000s\000t\000s}{section.6}% 37
\BOOKMARK [2][-]{subsection.6.4}{\376\377\000R\000o\000b\000u\000s\000t\000n\000e\000s\000s\000\040\000o\000f\000\040\000M\000a\000i\000n\000\040\000R\000e\000s\000u\000l\000t\000s}{section.6}% 38
\BOOKMARK [2][-]{subsection.6.5}{\376\377\000A\000d\000d\000i\000t\000i\000o\000n\000a\000l\000i\000t\000y\000\040\000v\000s\000.\000\040\000S\000u\000b\000s\000t\000i\000t\000u\000t\000i\000o\000n\000:\000\040\000D\000e\000c\000o\000m\000p\000o\000s\000i\000n\000g\000\040\000t\000h\000e\000\040\000C\000r\000i\000s\000i\000s\000\040\000E\000f\000f\000e\000c\000t}{section.6}% 39
\BOOKMARK [3][-]{subsubsection.6.5.1}{\376\377\000E\000v\000i\000d\000e\000n\000c\000e\000\040\000o\000n\000\040\000T\000o\000t\000a\000l\000\040\000P\000l\000a\000t\000f\000o\000r\000m\000\040\000F\000u\000n\000d\000i\000n\000g}{subsection.6.5}% 40
\BOOKMARK [3][-]{subsubsection.6.5.2}{\376\377\000R\000e\000g\000r\000e\000s\000s\000i\000o\000n\000\040\000E\000v\000i\000d\000e\000n\000c\000e\000\040\000o\000n\000\040\000S\000u\000b\000s\000t\000i\000t\000u\000t\000i\000o\000n\000\040\000E\000f\000f\000e\000c\000t\000s}{subsection.6.5}% 41
\BOOKMARK [3][-]{subsubsection.6.5.3}{\376\377\000W\000i\000t\000h\000i\000n\000-\000D\000i\000s\000a\000s\000t\000e\000r\000\040\000S\000u\000b\000s\000t\000i\000t\000u\000t\000i\000o\000n}{subsection.6.5}% 42
\BOOKMARK [3][-]{subsubsection.6.5.4}{\376\377\000D\000e\000c\000o\000m\000p\000o\000s\000i\000t\000i\000o\000n\000:\000\040\000Q\000u\000a\000n\000t\000i\000f\000y\000i\000n\000g\000\040\000A\000d\000d\000i\000t\000i\000o\000n\000a\000l\000i\000t\000y\000\040\000v\000s\000.\000\040\000S\000u\000b\000s\000t\000i\000t\000u\000t\000i\000o\000n}{subsection.6.5}% 43
\BOOKMARK [1][-]{section.7}{\376\377\000M\000e\000c\000h\000a\000n\000i\000s\000m\000s\000:\000\040\000W\000h\000y\000\040\000D\000o\000\040\000S\000o\000m\000e\000\040\000P\000r\000o\000j\000e\000c\000t\000s\000\040\000A\000t\000t\000r\000a\000c\000t\000\040\000M\000o\000r\000e\000\040\000F\000u\000n\000d\000i\000n\000g\000?}{}% 44
\BOOKMARK [2][-]{subsection.7.1}{\376\377\000K\000e\000y\000w\000o\000r\000d\000\040\000A\000n\000a\000l\000y\000s\000i\000s\000\040\000a\000n\000d\000\040\000D\000o\000n\000o\000r\000\040\000M\000a\000r\000g\000i\000n\000\040\000D\000e\000c\000o\000m\000p\000o\000s\000i\000t\000i\000o\000n}{section.7}% 45
\BOOKMARK [3][-]{subsubsection.7.1.1}{\376\377\000E\000x\000t\000e\000n\000s\000i\000v\000e\000\040\000v\000s\000.\000\040\000I\000n\000t\000e\000n\000s\000i\000v\000e\000\040\000M\000a\000r\000g\000i\000n\000\040\000D\000e\000c\000o\000m\000p\000o\000s\000i\000t\000i\000o\000n}{subsection.7.1}% 46
\BOOKMARK [2][-]{subsection.7.2}{\376\377\000E\000x\000t\000e\000n\000d\000e\000d\000\040\000T\000e\000x\000t\000\040\000A\000n\000a\000l\000y\000s\000i\000s\000:\000\040\000E\000m\000o\000t\000i\000o\000n\000s\000,\000\040\000S\000e\000n\000t\000i\000m\000e\000n\000t\000,\000\040\000a\000n\000d\000\040\000N\000a\000r\000r\000a\000t\000i\000v\000e\000\040\000F\000e\000a\000t\000u\000r\000e\000s}{section.7}% 47
\BOOKMARK [3][-]{subsubsection.7.2.1}{\376\377\000E\000m\000o\000t\000i\000o\000n\000a\000l\000\040\000C\000o\000n\000t\000e\000n\000t\000\040\000A\000n\000a\000l\000y\000s\000i\000s}{subsection.7.2}% 48
\BOOKMARK [3][-]{subsubsection.7.2.2}{\376\377\000S\000e\000n\000t\000i\000m\000e\000n\000t\000\040\000A\000n\000a\000l\000y\000s\000i\000s\000\040\000a\000n\000d\000\040\000P\000o\000l\000a\000r\000i\000t\000y}{subsection.7.2}% 49
\BOOKMARK [3][-]{subsubsection.7.2.3}{\376\377\000N\000a\000r\000r\000a\000t\000i\000v\000e\000\040\000C\000o\000m\000p\000l\000e\000x\000i\000t\000y\000\040\000a\000n\000d\000\040\000W\000r\000i\000t\000i\000n\000g\000\040\000Q\000u\000a\000l\000i\000t\000y}{subsection.7.2}% 50
\BOOKMARK [3][-]{subsubsection.7.2.4}{\376\377\000B\000e\000n\000e\000f\000i\000c\000i\000a\000r\000y\000-\000S\000p\000e\000c\000i\000f\000i\000c\000\040\000L\000a\000n\000g\000u\000a\000g\000e\000\040\000a\000n\000d\000\040\000t\000h\000e\000\040\000I\000d\000e\000n\000t\000i\000f\000i\000a\000b\000l\000e\000\040\000V\000i\000c\000t\000i\000m\000\040\000E\000f\000f\000e\000c\000t}{subsection.7.2}% 51
\BOOKMARK [3][-]{subsubsection.7.2.5}{\376\377\000T\000e\000x\000t\000\040\000F\000e\000a\000t\000u\000r\000e\000\040\000I\000n\000t\000e\000r\000a\000c\000t\000i\000o\000n\000s\000\040\000w\000i\000t\000h\000\040\000C\000r\000i\000s\000i\000s\000\040\000S\000a\000l\000i\000e\000n\000c\000e}{subsection.7.2}% 52
\BOOKMARK [3][-]{subsubsection.7.2.6}{\376\377\000S\000u\000m\000m\000a\000r\000y\000:\000\040\000A\000\040\000C\000o\000m\000p\000r\000e\000h\000e\000n\000s\000i\000v\000e\000\040\000M\000o\000d\000e\000l\000\040\000o\000f\000\040\000N\000a\000r\000r\000a\000t\000i\000v\000e\000\040\000E\000f\000f\000e\000c\000t\000s}{subsection.7.2}% 53
\BOOKMARK [1][-]{section.8}{\376\377\000H\000e\000t\000e\000r\000o\000g\000e\000n\000e\000i\000t\000y\000\040\000A\000n\000a\000l\000y\000s\000i\000s}{}% 54
\BOOKMARK [2][-]{subsection.8.1}{\376\377\000H\000e\000t\000e\000r\000o\000g\000e\000n\000e\000i\000t\000y\000\040\000b\000y\000\040\000T\000h\000e\000m\000e}{section.8}% 55
\BOOKMARK [2][-]{subsection.8.2}{\376\377\000Q\000u\000a\000n\000t\000i\000l\000e\000\040\000R\000e\000g\000r\000e\000s\000s\000i\000o\000n\000\040\000A\000n\000a\000l\000y\000s\000i\000s}{section.8}% 56
\BOOKMARK [2][-]{subsection.8.3}{\376\377\000G\000e\000o\000g\000r\000a\000p\000h\000i\000c\000\040\000D\000i\000s\000p\000a\000r\000i\000t\000i\000e\000s\000\040\000i\000n\000\040\000F\000u\000n\000d\000i\000n\000g\000\040\000O\000u\000t\000c\000o\000m\000e\000s}{section.8}% 57
\BOOKMARK [1][-]{section.9}{\376\377\000R\000o\000b\000u\000s\000t\000n\000e\000s\000s\000\040\000a\000n\000d\000\040\000S\000e\000n\000s\000i\000t\000i\000v\000i\000t\000y\000\040\000A\000n\000a\000l\000y\000s\000i\000s}{}% 58
\BOOKMARK [2][-]{subsection.9.1}{\376\377\000A\000l\000t\000e\000r\000n\000a\000t\000i\000v\000e\000\040\000S\000p\000e\000c\000i\000f\000i\000c\000a\000t\000i\000o\000n\000s\000\040\000f\000o\000r\000\040\000G\000o\000a\000l\000\040\000E\000l\000a\000s\000t\000i\000c\000i\000t\000y}{section.9}% 59
\BOOKMARK [2][-]{subsection.9.2}{\376\377\000S\000t\000a\000n\000d\000a\000r\000d\000\040\000E\000r\000r\000o\000r\000\040\000S\000p\000e\000c\000i\000f\000i\000c\000a\000t\000i\000o\000n\000s\000\040\000a\000n\000d\000\040\000I\000n\000f\000e\000r\000e\000n\000c\000e}{section.9}% 60
\BOOKMARK [2][-]{subsection.9.3}{\376\377\000L\000e\000a\000v\000e\000-\000O\000n\000e\000-\000O\000u\000t\000\040\000A\000n\000a\000l\000y\000s\000i\000s}{section.9}% 61
\BOOKMARK [2][-]{subsection.9.4}{\376\377\000T\000e\000m\000p\000o\000r\000a\000l\000\040\000S\000t\000a\000b\000i\000l\000i\000t\000y\000\040\000o\000f\000\040\000t\000h\000e\000\040\000G\000o\000a\000l\000-\000F\000u\000n\000d\000i\000n\000g\000\040\000R\000e\000l\000a\000t\000i\000o\000n\000s\000h\000i\000p}{section.9}% 62
\BOOKMARK [1][-]{section.10}{\376\377\000D\000i\000s\000c\000u\000s\000s\000i\000o\000n\000\040\000a\000n\000d\000\040\000P\000o\000l\000i\000c\000y\000\040\000I\000m\000p\000l\000i\000c\000a\000t\000i\000o\000n\000s}{}% 63
\BOOKMARK [2][-]{subsection.10.1}{\376\377\000I\000m\000p\000l\000i\000c\000a\000t\000i\000o\000n\000s\000\040\000f\000o\000r\000\040\000N\000o\000n\000p\000r\000o\000f\000i\000t\000\040\000O\000r\000g\000a\000n\000i\000z\000a\000t\000i\000o\000n\000s}{section.10}% 64
\BOOKMARK [2][-]{subsection.10.2}{\376\377\000I\000m\000p\000l\000i\000c\000a\000t\000i\000o\000n\000s\000\040\000f\000o\000r\000\040\000P\000l\000a\000t\000f\000o\000r\000m\000\040\000D\000e\000s\000i\000g\000n}{section.10}% 65
\BOOKMARK [2][-]{subsection.10.3}{\376\377\000I\000m\000p\000l\000i\000c\000a\000t\000i\000o\000n\000s\000\040\000f\000o\000r\000\040\000D\000e\000v\000e\000l\000o\000p\000m\000e\000n\000t\000\040\000F\000i\000n\000a\000n\000c\000e\000\040\000a\000n\000d\000\040\000P\000o\000l\000i\000c\000y}{section.10}% 66
\BOOKMARK [1][-]{section.11}{\376\377\000C\000o\000n\000c\000l\000u\000s\000i\000o\000n}{}% 67
\BOOKMARK [2][-]{subsection.11.1}{\376\377\000S\000u\000m\000m\000a\000r\000y\000\040\000o\000f\000\040\000K\000e\000y\000\040\000F\000i\000n\000d\000i\000n\000g\000s}{section.11}% 68
\BOOKMARK [2][-]{subsection.11.2}{\376\377\000L\000i\000m\000i\000t\000a\000t\000i\000o\000n\000s\000\040\000a\000n\000d\000\040\000D\000i\000r\000e\000c\000t\000i\000o\000n\000s\000\040\000f\000o\000r\000\040\000F\000u\000t\000u\000r\000e\000\040\000R\000e\000s\000e\000a\000r\000c\000h}{section.11}% 69
\BOOKMARK [2][-]{subsection.11.3}{\376\377\000C\000o\000n\000c\000l\000u\000d\000i\000n\000g\000\040\000R\000e\000f\000l\000e\000c\000t\000i\000o\000n\000s}{section.11}% 70
\BOOKMARK [1][-]{appendix.A}{\376\377\000A\000d\000d\000i\000t\000i\000o\000n\000a\000l\000\040\000F\000i\000g\000u\000r\000e\000s\000\040\000a\000n\000d\000\040\000T\000a\000b\000l\000e\000s}{}% 71
\BOOKMARK [2][-]{subsection.A.1}{\376\377\000S\000a\000m\000p\000l\000e\000\040\000C\000o\000n\000s\000t\000r\000u\000c\000t\000i\000o\000n\000\040\000a\000n\000d\000\040\000D\000a\000t\000a\000\040\000P\000r\000o\000c\000e\000s\000s\000i\000n\000g}{appendix.A}% 72
\BOOKMARK [2][-]{subsection.A.2}{\376\377\000V\000a\000r\000i\000a\000b\000l\000e\000\040\000D\000e\000f\000i\000n\000i\000t\000i\000o\000n\000s}{appendix.A}% 73
\BOOKMARK [2][-]{subsection.A.3}{\376\377\000A\000d\000d\000i\000t\000i\000o\000n\000a\000l\000\040\000R\000o\000b\000u\000s\000t\000n\000e\000s\000s\000\040\000C\000h\000e\000c\000k\000s}{appendix.A}% 74
\BOOKMARK [1][-]{appendix.B}{\376\377\000P\000r\000o\000o\000f\000s\000\040\000o\000f\000\040\000T\000h\000e\000o\000r\000e\000t\000i\000c\000a\000l\000\040\000R\000e\000s\000u\000l\000t\000s}{}% 75
\BOOKMARK [2][-]{subsection.B.1}{\376\377\000P\000r\000o\000o\000f\000\040\000o\000f\000\040\000L\000e\000m\000m\000a\000\040\0001\000\040\000\050\000O\000p\000t\000i\000m\000a\000l\000\040\000A\000l\000l\000o\000c\000a\000t\000i\000o\000n\000\040\000R\000u\000l\000e\000\051}{appendix.B}% 76
\BOOKMARK [2][-]{subsection.B.2}{\376\377\000P\000r\000o\000o\000f\000\040\000o\000f\000\040\000L\000e\000m\000m\000a\000\040\0002\000\040\000\050\000A\000t\000t\000e\000n\000t\000i\000o\000n\000\040\000A\000g\000g\000r\000e\000g\000a\000t\000o\000r\000\040\000P\000r\000o\000p\000e\000r\000t\000i\000e\000s\000\051}{appendix.B}% 77
\BOOKMARK [2][-]{subsection.B.3}{\376\377\000P\000r\000o\000o\000f\000\040\000o\000f\000\040\000P\000r\000o\000p\000o\000s\000i\000t\000i\000o\000n\000\040\0003\000\040\000\050\000O\000p\000t\000i\000m\000a\000l\000\040\000T\000o\000t\000a\000l\000\040\000G\000i\000v\000i\000n\000g\000\051}{appendix.B}% 78
\BOOKMARK [2][-]{subsection.B.4}{\376\377\000P\000r\000o\000o\000f\000\040\000o\000f\000\040\000P\000r\000o\000p\000o\000s\000i\000t\000i\000o\000n\000\040\0004\000\040\000\050\000P\000a\000r\000t\000i\000c\000i\000p\000a\000t\000i\000o\000n\000\040\000T\000h\000r\000e\000s\000h\000o\000l\000d\000\051}{appendix.B}% 79
\BOOKMARK [2][-]{subsection.B.5}{\376\377\000P\000r\000o\000o\000f\000\040\000o\000f\000\040\000P\000r\000o\000p\000o\000s\000i\000t\000i\000o\000n\000\040\0005\000\040\000\050\000A\000t\000t\000e\000n\000t\000i\000o\000n\000\040\000R\000e\000a\000l\000l\000o\000c\000a\000t\000i\000o\000n\000\040\000U\000n\000d\000e\000r\000\040\000C\000r\000i\000s\000i\000s\000\051}{appendix.B}% 80
\BOOKMARK [2][-]{subsection.B.6}{\376\377\000P\000r\000o\000o\000f\000\040\000o\000f\000\040\000T\000h\000e\000o\000r\000e\000m\000\040\0006\000\040\000\050\000I\000n\000t\000e\000n\000s\000i\000v\000e\000\040\000M\000a\000r\000g\000i\000n\000\040\000E\000f\000f\000e\000c\000t\000s\000\051}{appendix.B}% 81
\BOOKMARK [2][-]{subsection.B.7}{\376\377\000P\000r\000o\000o\000f\000\040\000o\000f\000\040\000T\000h\000e\000o\000r\000e\000m\000\040\0007\000\040\000\050\000E\000x\000t\000e\000n\000s\000i\000v\000e\000\040\000M\000a\000r\000g\000i\000n\000\040\000E\000f\000f\000e\000c\000t\000s\000\051}{appendix.B}% 82
\BOOKMARK [2][-]{subsection.B.8}{\376\377\000P\000r\000o\000o\000f\000\040\000o\000f\000\040\000T\000h\000e\000o\000r\000e\000m\000\040\0008\000\040\000\050\000C\000r\000i\000s\000i\000s\000\040\000E\000f\000f\000e\000c\000t\000\040\000D\000e\000c\000o\000m\000p\000o\000s\000i\000t\000i\000o\000n\000\051}{appendix.B}% 83
\BOOKMARK [2][-]{subsection.B.9}{\376\377\000P\000r\000o\000o\000f\000\040\000o\000f\000\040\000P\000r\000o\000p\000o\000s\000i\000t\000i\000o\000n\000\040\0001\0000\000\040\000\050\000N\000a\000r\000r\000a\000t\000i\000v\000e\000\040\000E\000f\000f\000e\000c\000t\000s\000\051}{appendix.B}% 84
\BOOKMARK [1][-]{appendix.C}{\376\377\000D\000a\000t\000a\000\040\000A\000p\000p\000e\000n\000d\000i\000x}{}% 85
\BOOKMARK [2][-]{subsection.C.1}{\376\377\000D\000a\000t\000a\000\040\000S\000o\000u\000r\000c\000e}{appendix.C}% 86
\BOOKMARK [2][-]{subsection.C.2}{\376\377\000D\000a\000t\000a\000\040\000Q\000u\000a\000l\000i\000t\000y\000\040\000a\000n\000d\000\040\000L\000i\000m\000i\000t\000a\000t\000i\000o\000n\000s}{appendix.C}% 87
\BOOKMARK [2][-]{subsection.C.3}{\376\377\000K\000e\000y\000w\000o\000r\000d\000\040\000E\000x\000t\000r\000a\000c\000t\000i\000o\000n\000\040\000M\000e\000t\000h\000o\000d\000o\000l\000o\000g\000y}{appendix.C}% 88
\BOOKMARK [2][-]{subsection.C.4}{\376\377\000U\000k\000r\000a\000i\000n\000e\000\040\000C\000l\000a\000s\000s\000i\000f\000i\000c\000a\000t\000i\000o\000n}{appendix.C}% 89
