This is pdfTeX, Version 3.141592653-2.6-1.40.24 (MiKTeX 22.1) (preloaded format=pdflatex 2026.2.11)  14 FEB 2026 08:21
entering extended mode
 restricted \write18 enabled.
 %&-line parsing enabled.
**./main.tex
(main.tex
LaTeX2e <2025-06-01> patch level 1
L3 programming layer <2026-01-19>

(/Users/namanagrawal/Library/Application Support/MiKTeX/texmfs/install/tex/late
x/base/article.cls
Document Class: article 2025/01/22 v1.4n Standard LaTeX document class

(/Users/namanagrawal/Library/Application Support/MiKTeX/texmfs/install/tex/late
x/base/size11.clo
File: size11.clo 2025/01/22 v1.4n Standard LaTeX file (size option)
)
\c@part=\count275
\c@section=\count276
\c@subsection=\count277
\c@subsubsection=\count278
\c@paragraph=\count279
\c@subparagraph=\count280
\c@figure=\count281
\c@table=\count282
\abovecaptionskip=\skip49
\belowcaptionskip=\skip50
\bibindent=\dimen148
)
(/Users/namanagrawal/Library/Application Support/MiKTeX/texmfs/install/tex/late
x/geometry/geometry.sty
Package: geometry 2020/01/02 v5.9 Page Geometry

(/Users/namanagrawal/Library/Application Support/MiKTeX/texmfs/install/tex/late
x/graphics/keyval.sty
Package: keyval 2022/05/29 v1.15 key=value parser (DPC)
\KV@toks@=\toks17
)
(/Users/namanagrawal/Library/Application Support/MiKTeX/texmfs/install/tex/gene
ric/iftex/ifvtex.sty
Package: ifvtex 2019/10/25 v1.7 ifvtex legacy package. Use iftex instead.

(/Users/namanagrawal/Library/Application Support/MiKTeX/texmfs/install/tex/gene
ric/iftex/iftex.sty
Package: iftex 2024/12/12 v1.0g TeX engine tests
))
\Gm@cnth=\count283
\Gm@cntv=\count284
\c@Gm@tempcnt=\count285
\Gm@bindingoffset=\dimen149
\Gm@wd@mp=\dimen150
\Gm@odd@mp=\dimen151
\Gm@even@mp=\dimen152
\Gm@layoutwidth=\dimen153
\Gm@layoutheight=\dimen154
\Gm@layouthoffset=\dimen155
\Gm@layoutvoffset=\dimen156
\Gm@dimlist=\toks18

(/Users/namanagrawal/Library/Application Support/MiKTeX/texmfs/install/tex/late
x/geometry/geometry.cfg))
(/Users/namanagrawal/Library/Application Support/MiKTeX/texmfs/install/tex/late
x/setspace/setspace.sty
Package: setspace 2022/12/04 v6.7b set line spacing
)
(/Users/namanagrawal/Library/Application Support/MiKTeX/texmfs/install/tex/late
x/base/fontenc.sty
Package: fontenc 2024/12/21 v2.1c Standard LaTeX package
)
(/Users/namanagrawal/Library/Application Support/MiKTeX/texmfs/install/tex/late
x/base/inputenc.sty
Package: inputenc 2024/02/08 v1.3d Input encoding file
\inpenc@prehook=\toks19
\inpenc@posthook=\toks20
)
(/Users/namanagrawal/Library/Application Support/MiKTeX/texmfs/install/tex/late
x/lm/lmodern.sty
Package: lmodern 2015/05/01 v1.6.1 Latin Modern Fonts
LaTeX Font Info:    Overwriting symbol font `operators' in version `normal'
(Font)                  OT1/cmr/m/n --> OT1/lmr/m/n on input line 22.
LaTeX Font Info:    Overwriting symbol font `letters' in version `normal'
(Font)                  OML/cmm/m/it --> OML/lmm/m/it on input line 23.
LaTeX Font Info:    Overwriting symbol font `symbols' in version `normal'
(Font)                  OMS/cmsy/m/n --> OMS/lmsy/m/n on input line 24.
LaTeX Font Info:    Overwriting symbol font `largesymbols' in version `normal'
(Font)                  OMX/cmex/m/n --> OMX/lmex/m/n on input line 25.
LaTeX Font Info:    Overwriting symbol font `operators' in version `bold'
(Font)                  OT1/cmr/bx/n --> OT1/lmr/bx/n on input line 26.
LaTeX Font Info:    Overwriting symbol font `letters' in version `bold'
(Font)                  OML/cmm/b/it --> OML/lmm/b/it on input line 27.
LaTeX Font Info:    Overwriting symbol font `symbols' in version `bold'
(Font)                  OMS/cmsy/b/n --> OMS/lmsy/b/n on input line 28.
LaTeX Font Info:    Overwriting symbol font `largesymbols' in version `bold'
(Font)                  OMX/cmex/m/n --> OMX/lmex/m/n on input line 29.
LaTeX Font Info:    Overwriting math alphabet `\mathbf' in version `normal'
(Font)                  OT1/cmr/bx/n --> OT1/lmr/bx/n on input line 31.
LaTeX Font Info:    Overwriting math alphabet `\mathsf' in version `normal'
(Font)                  OT1/cmss/m/n --> OT1/lmss/m/n on input line 32.
LaTeX Font Info:    Overwriting math alphabet `\mathit' in version `normal'
(Font)                  OT1/cmr/m/it --> OT1/lmr/m/it on input line 33.
LaTeX Font Info:    Overwriting math alphabet `\mathtt' in version `normal'
(Font)                  OT1/cmtt/m/n --> OT1/lmtt/m/n on input line 34.
LaTeX Font Info:    Overwriting math alphabet `\mathbf' in version `bold'
(Font)                  OT1/cmr/bx/n --> OT1/lmr/bx/n on input line 35.
LaTeX Font Info:    Overwriting math alphabet `\mathsf' in version `bold'
(Font)                  OT1/cmss/bx/n --> OT1/lmss/bx/n on input line 36.
LaTeX Font Info:    Overwriting math alphabet `\mathit' in version `bold'
(Font)                  OT1/cmr/bx/it --> OT1/lmr/bx/it on input line 37.
LaTeX Font Info:    Overwriting math alphabet `\mathtt' in version `bold'
(Font)                  OT1/cmtt/m/n --> OT1/lmtt/m/n on input line 38.
)
(/Users/namanagrawal/Library/Application Support/MiKTeX/texmfs/install/tex/late
x/microtype/microtype.sty
Package: microtype 2025/07/09 v3.2b Micro-typographical refinements (RS)

(/Users/namanagrawal/Library/Application Support/MiKTeX/texmfs/install/tex/late
x/etoolbox/etoolbox.sty
Package: etoolbox 2025/10/02 v2.5m e-TeX tools for LaTeX (JAW)
\etb@tempcnta=\count286
)
\MT@toks=\toks21
\MT@tempbox=\box53
\MT@count=\count287
LaTeX Info: Redefining \noprotrusionifhmode on input line 1087.
LaTeX Info: Redefining \leftprotrusion on input line 1088.
\MT@prot@toks=\toks22
LaTeX Info: Redefining \rightprotrusion on input line 1107.
LaTeX Info: Redefining \textls on input line 1449.
\MT@outer@kern=\dimen157
LaTeX Info: Redefining \microtypecontext on input line 2053.
LaTeX Info: Redefining \textmicrotypecontext on input line 2070.
\MT@listname@count=\count288

(/Users/namanagrawal/Library/Application Support/MiKTeX/texmfs/install/tex/late
x/microtype/microtype-pdftex.def
File: microtype-pdftex.def 2025/07/09 v3.2b Definitions specific to pdftex (RS)

LaTeX Info: Redefining \lsstyle on input line 944.
LaTeX Info: Redefining \lslig on input line 944.
\MT@outer@space=\skip51
)
Package microtype Info: Loading configuration file microtype.cfg.

(/Users/namanagrawal/Library/Application Support/MiKTeX/texmfs/install/tex/late
x/microtype/microtype.cfg
File: microtype.cfg 2025/07/09 v3.2b microtype main configuration file (RS)
)
LaTeX Info: Redefining \microtypesetup on input line 3065.
)
(/Users/namanagrawal/Library/Application Support/MiKTeX/texmfs/install/tex/late
x/amsmath/amsmath.sty
Package: amsmath 2025/07/09 v2.17z AMS math features
\@mathmargin=\skip52

For additional information on amsmath, use the `?' option.

(/Users/namanagrawal/Library/Application Support/MiKTeX/texmfs/install/tex/late
x/amsmath/amstext.sty
Package: amstext 2024/11/17 v2.01 AMS text

(/Users/namanagrawal/Library/Application Support/MiKTeX/texmfs/install/tex/late
x/amsmath/amsgen.sty
File: amsgen.sty 1999/11/30 v2.0 generic functions
\@emptytoks=\toks23
\ex@=\dimen158
))
(/Users/namanagrawal/Library/Application Support/MiKTeX/texmfs/install/tex/late
x/amsmath/amsbsy.sty
Package: amsbsy 1999/11/29 v1.2d Bold Symbols
\pmbraise@=\dimen159
)
(/Users/namanagrawal/Library/Application Support/MiKTeX/texmfs/install/tex/late
x/amsmath/amsopn.sty
Package: amsopn 2022/04/08 v2.04 operator names
)
\inf@bad=\count289
LaTeX Info: Redefining \frac on input line 233.
\uproot@=\count290
\leftroot@=\count291
LaTeX Info: Redefining \overline on input line 398.
LaTeX Info: Redefining \colon on input line 409.
\classnum@=\count292
\DOTSCASE@=\count293
LaTeX Info: Redefining \ldots on input line 495.
LaTeX Info: Redefining \dots on input line 498.
LaTeX Info: Redefining \cdots on input line 619.
\Mathstrutbox@=\box54
\strutbox@=\box55
LaTeX Info: Redefining \big on input line 721.
LaTeX Info: Redefining \Big on input line 722.
LaTeX Info: Redefining \bigg on input line 723.
LaTeX Info: Redefining \Bigg on input line 724.
\big@size=\dimen160
LaTeX Font Info:    Redeclaring font encoding OML on input line 742.
LaTeX Font Info:    Redeclaring font encoding OMS on input line 743.
\macc@depth=\count294
LaTeX Info: Redefining \bmod on input line 904.
LaTeX Info: Redefining \pmod on input line 909.
LaTeX Info: Redefining \smash on input line 939.
LaTeX Info: Redefining \relbar on input line 969.
LaTeX Info: Redefining \Relbar on input line 970.
\c@MaxMatrixCols=\count295
\dotsspace@=\muskip17
\c@parentequation=\count296
\dspbrk@lvl=\count297
\tag@help=\toks24
\row@=\count298
\column@=\count299
\maxfields@=\count300
\andhelp@=\toks25
\eqnshift@=\dimen161
\alignsep@=\dimen162
\tagshift@=\dimen163
\tagwidth@=\dimen164
\totwidth@=\dimen165
\lineht@=\dimen166
\@envbody=\toks26
\multlinegap=\skip53
\multlinetaggap=\skip54
\mathdisplay@stack=\toks27
LaTeX Info: Redefining \[ on input line 2950.
LaTeX Info: Redefining \] on input line 2951.
)
(/Users/namanagrawal/Library/Application Support/MiKTeX/texmfs/install/tex/late
x/amsfonts/amssymb.sty
Package: amssymb 2013/01/14 v3.01 AMS font symbols

(/Users/namanagrawal/Library/Application Support/MiKTeX/texmfs/install/tex/late
x/amsfonts/amsfonts.sty
Package: amsfonts 2013/01/14 v3.01 Basic AMSFonts support
\symAMSa=\mathgroup4
\symAMSb=\mathgroup5
LaTeX Font Info:    Redeclaring math symbol \hbar on input line 98.
LaTeX Font Info:    Overwriting math alphabet `\mathfrak' in version `bold'
(Font)                  U/euf/m/n --> U/euf/b/n on input line 106.
))
(/Users/namanagrawal/Library/Application Support/MiKTeX/texmfs/install/tex/late
x/amscls/amsthm.sty
Package: amsthm 2020/05/29 v2.20.6
\thm@style=\toks28
\thm@bodyfont=\toks29
\thm@headfont=\toks30
\thm@notefont=\toks31
\thm@headpunct=\toks32
\thm@preskip=\skip55
\thm@postskip=\skip56
\thm@headsep=\skip57
\dth@everypar=\toks33
)
(/Users/namanagrawal/Library/Application Support/MiKTeX/texmfs/install/tex/late
x/mathtools/mathtools.sty
Package: mathtools 2024/10/04 v1.31 mathematical typesetting tools

(/Users/namanagrawal/Library/Application Support/MiKTeX/texmfs/install/tex/late
x/tools/calc.sty
Package: calc 2025/03/01 v4.3b Infix arithmetic (KKT,FJ)
\calc@Acount=\count301
\calc@Bcount=\count302
\calc@Adimen=\dimen167
\calc@Bdimen=\dimen168
\calc@Askip=\skip58
\calc@Bskip=\skip59
LaTeX Info: Redefining \setlength on input line 86.
LaTeX Info: Redefining \addtolength on input line 87.
\calc@Ccount=\count303
\calc@Cskip=\skip60
)
(/Users/namanagrawal/Library/Application Support/MiKTeX/texmfs/install/tex/late
x/mathtools/mhsetup.sty
Package: mhsetup 2021/03/18 v1.4 programming setup (MH)
)
\g_MT_multlinerow_int=\count304
\l_MT_multwidth_dim=\dimen169
\origjot=\skip61
\l_MT_shortvdotswithinadjustabove_dim=\dimen170
\l_MT_shortvdotswithinadjustbelow_dim=\dimen171
\l_MT_above_intertext_sep=\dimen172
\l_MT_below_intertext_sep=\dimen173
\l_MT_above_shortintertext_sep=\dimen174
\l_MT_below_shortintertext_sep=\dimen175
\xmathstrut@box=\box56
\xmathstrut@dim=\dimen176
)
(/Users/namanagrawal/Library/Application Support/MiKTeX/texmfs/install/tex/late
x/tools/bm.sty
Package: bm 2023/12/19 v1.2f Bold Symbol Support (DPC/FMi)
\symboldoperators=\mathgroup6
\symboldletters=\mathgroup7
\symboldsymbols=\mathgroup8
Package bm Info: No bold for \OMX/lmex/m/n, using \pmb.
Package bm Info: No bold for \U/msa/m/n, using \pmb.
Package bm Info: No bold for \U/msb/m/n, using \pmb.
LaTeX Font Info:    Redeclaring math alphabet \mathbf on input line 149.
)
(/Users/namanagrawal/Library/Application Support/MiKTeX/texmfs/install/tex/late
x/parskip/parskip.sty
Package: parskip 2021-03-14 v2.0h non-zero parskip adjustments

(/Users/namanagrawal/Library/Application Support/MiKTeX/texmfs/install/tex/late
x/kvoptions/kvoptions.sty
Package: kvoptions 2022-06-15 v3.15 Key value format for package options (HO)

(/Users/namanagrawal/Library/Application Support/MiKTeX/texmfs/install/tex/gene
ric/ltxcmds/ltxcmds.sty
Package: ltxcmds 2023-12-04 v1.26 LaTeX kernel commands for general use (HO)
)
(/Users/namanagrawal/Library/Application Support/MiKTeX/texmfs/install/tex/late
x/kvsetkeys/kvsetkeys.sty
Package: kvsetkeys 2022-10-05 v1.19 Key value parser (HO)
)))
(/Users/namanagrawal/Library/Application Support/MiKTeX/texmfs/install/tex/late
x/graphics/graphicx.sty
Package: graphicx 2024/12/31 v1.2e Enhanced LaTeX Graphics (DPC,SPQR)

(/Users/namanagrawal/Library/Application Support/MiKTeX/texmfs/install/tex/late
x/graphics/graphics.sty
Package: graphics 2024/08/06 v1.4g Standard LaTeX Graphics (DPC,SPQR)

(/Users/namanagrawal/Library/Application Support/MiKTeX/texmfs/install/tex/late
x/graphics/trig.sty
Package: trig 2023/12/02 v1.11 sin cos tan (DPC)
)
(/Users/namanagrawal/Library/Application Support/MiKTeX/texmfs/install/tex/late
x/graphics-cfg/graphics.cfg
File: graphics.cfg 2016/06/04 v1.11 sample graphics configuration
)
Package graphics Info: Driver file: pdftex.def on input line 106.

(/Users/namanagrawal/Library/Application Support/MiKTeX/texmfs/install/tex/late
x/graphics-def/pdftex.def
File: pdftex.def 2025/09/29 v1.2d Graphics/color driver for pdftex
))
\Gin@req@height=\dimen177
\Gin@req@width=\dimen178
)
(/Users/namanagrawal/Library/Application Support/MiKTeX/texmfs/install/tex/late
x/booktabs/booktabs.sty
Package: booktabs 2020/01/12 v1.61803398 Publication quality tables
\heavyrulewidth=\dimen179
\lightrulewidth=\dimen180
\cmidrulewidth=\dimen181
\belowrulesep=\dimen182
\belowbottomsep=\dimen183
\aboverulesep=\dimen184
\abovetopsep=\dimen185
\cmidrulesep=\dimen186
\cmidrulekern=\dimen187
\defaultaddspace=\dimen188
\@cmidla=\count305
\@cmidlb=\count306
\@aboverulesep=\dimen189
\@belowrulesep=\dimen190
\@thisruleclass=\count307
\@lastruleclass=\count308
\@thisrulewidth=\dimen191
)
(/Users/namanagrawal/Library/Application Support/MiKTeX/texmfs/install/tex/late
x/tools/tabularx.sty
Package: tabularx 2023/12/11 v2.12a `tabularx' package (DPC)

(/Users/namanagrawal/Library/Application Support/MiKTeX/texmfs/install/tex/late
x/tools/array.sty
Package: array 2025/06/08 v2.6j Tabular extension package (FMi)
\col@sep=\dimen192
\ar@mcellbox=\box57
\extrarowheight=\dimen193
\NC@list=\toks34
\extratabsurround=\skip62
\backup@length=\skip63
\ar@cellbox=\box58
)
\TX@col@width=\dimen194
\TX@old@table=\dimen195
\TX@old@col=\dimen196
\TX@target=\dimen197
\TX@delta=\dimen198
\TX@cols=\count309
\TX@ftn=\toks35
)
(/Users/namanagrawal/Library/Application Support/MiKTeX/texmfs/install/tex/late
x/multirow/multirow.sty
Package: multirow 2024/11/12 v2.9 Span multiple rows of a table
\multirow@colwidth=\skip64
\multirow@cntb=\count310
\multirow@dima=\skip65
\bigstrutjot=\dimen199
)
(/Users/namanagrawal/Library/Application Support/MiKTeX/texmfs/install/tex/late
x/float/float.sty
Package: float 2001/11/08 v1.3d Float enhancements (AL)
\c@float@type=\count311
\float@exts=\toks36
\float@box=\box59
\@float@everytoks=\toks37
\@floatcapt=\box60
)
(/Users/namanagrawal/Library/Application Support/MiKTeX/texmfs/install/tex/late
x/graphics/rotating.sty
Package: rotating 2025/01/14 v2.16e rotated objects in LaTeX

(/Users/namanagrawal/Library/Application Support/MiKTeX/texmfs/install/tex/late
x/base/ifthen.sty
Package: ifthen 2024/03/16 v1.1e Standard LaTeX ifthen package (DPC)
)
\c@r@tfl@t=\count312
\rotFPtop=\skip66
\rotFPbot=\skip67
\rot@float@box=\box61
\rot@mess@toks=\toks38
)
(/Users/namanagrawal/Library/Application Support/MiKTeX/texmfs/install/tex/late
x/threeparttable/threeparttable.sty
Package: threeparttable 2003/06/13  v 3.0
\@tempboxb=\box62
)
(/Users/namanagrawal/Library/Application Support/MiKTeX/texmfs/install/tex/late
x/tools/longtable.sty
Package: longtable 2024-12-18 v4.23 Multi-page Table package (DPC)
\LTleft=\skip68
\LTright=\skip69
\LTpre=\skip70
\LTpost=\skip71
\LTchunksize=\count313
\LTcapwidth=\dimen256
\LT@head=\box63
\LT@firsthead=\box64
\LT@foot=\box65
\LT@lastfoot=\box66
\LT@gbox=\box67
\LT@cols=\count314
\LT@rows=\count315
\c@LT@tables=\count316
\c@LT@chunks=\count317
\LT@p@ftn=\toks39
)
(/Users/namanagrawal/Library/Application Support/MiKTeX/texmfs/install/tex/late
x/pdflscape/pdflscape.sty
Package: pdflscape 2022-10-27 v0.13 Display of landscape pages in PDF

(/Users/namanagrawal/Library/Application Support/MiKTeX/texmfs/install/tex/late
x/pdflscape/pdflscape-nometadata.sty
Package: pdflscape-nometadata 2022-10-28 v0.13 Display of landscape pages in PD
F (HO)

(/Users/namanagrawal/Library/Application Support/MiKTeX/texmfs/install/tex/late
x/graphics/lscape.sty
Package: lscape 2020/05/28 v3.02 Landscape Pages (DPC)
)
Package pdflscape Info: Auto-detected driver: pdftex on input line 81.
))
(/Users/namanagrawal/Library/Application Support/MiKTeX/texmfs/install/tex/late
x/tools/dcolumn.sty
Package: dcolumn 2023/07/08 v1.06 decimal alignment package (DPC)
)
(/Users/namanagrawal/Library/Application Support/MiKTeX/texmfs/install/tex/late
x/natbib/natbib.sty
Package: natbib 2010/09/13 8.31b (PWD, AO)
\bibhang=\skip72
\bibsep=\skip73
LaTeX Info: Redefining \cite on input line 694.
\c@NAT@ctr=\count318
)
(/Users/namanagrawal/Library/Application Support/MiKTeX/texmfs/install/tex/late
x/hyperref/hyperref.sty
Package: hyperref 2026-01-29 v7.01p Hypertext links for LaTeX

(/Users/namanagrawal/Library/Application Support/MiKTeX/texmfs/install/tex/gene
ric/kvdefinekeys/kvdefinekeys.sty
Package: kvdefinekeys 2019-12-19 v1.6 Define keys (HO)
)
(/Users/namanagrawal/Library/Application Support/MiKTeX/texmfs/install/tex/gene
ric/pdfescape/pdfescape.sty
Package: pdfescape 2019/12/09 v1.15 Implements pdfTeX's escape features (HO)

(/Users/namanagrawal/Library/Application Support/MiKTeX/texmfs/install/tex/gene
ric/pdftexcmds/pdftexcmds.sty
Package: pdftexcmds 2020-06-27 v0.33 Utility functions of pdfTeX for LuaTeX (HO
)

(/Users/namanagrawal/Library/Application Support/MiKTeX/texmfs/install/tex/gene
ric/infwarerr/infwarerr.sty
Package: infwarerr 2019/12/03 v1.5 Providing info/warning/error messages (HO)
)
Package pdftexcmds Info: \pdf@primitive is available.
Package pdftexcmds Info: \pdf@ifprimitive is available.
Package pdftexcmds Info: \pdfdraftmode found.
))
(/Users/namanagrawal/Library/Application Support/MiKTeX/texmfs/install/tex/late
x/hycolor/hycolor.sty
Package: hycolor 2020-01-27 v1.10 Color options for hyperref/bookmark (HO)
)
(/Users/namanagrawal/Library/Application Support/MiKTeX/texmfs/install/tex/late
x/hyperref/nameref.sty
Package: nameref 2026-01-29 v2.58 Cross-referencing by name of section

(/Users/namanagrawal/Library/Application Support/MiKTeX/texmfs/install/tex/late
x/refcount/refcount.sty
Package: refcount 2019/12/15 v3.6 Data extraction from label references (HO)
)
(/Users/namanagrawal/Library/Application Support/MiKTeX/texmfs/install/tex/gene
ric/gettitlestring/gettitlestring.sty
Package: gettitlestring 2019/12/15 v1.6 Cleanup title references (HO)
)
\c@section@level=\count319
)
(/Users/namanagrawal/Library/Application Support/MiKTeX/texmfs/install/tex/gene
ric/stringenc/stringenc.sty
Package: stringenc 2019/11/29 v1.12 Convert strings between diff. encodings (HO
)
)
\@linkdim=\dimen257
\Hy@linkcounter=\count320
\Hy@pagecounter=\count321

(/Users/namanagrawal/Library/Application Support/MiKTeX/texmfs/install/tex/late
x/hyperref/pd1enc.def
File: pd1enc.def 2026-01-29 v7.01p Hyperref: PDFDocEncoding definition (HO)
Now handling font encoding PD1 ...
... no UTF-8 mapping file for font encoding PD1
)
(/Users/namanagrawal/Library/Application Support/MiKTeX/texmfs/install/tex/gene
ric/intcalc/intcalc.sty
Package: intcalc 2019/12/15 v1.3 Expandable calculations with integers (HO)
)
\Hy@SavedSpaceFactor=\count322

(/Users/namanagrawal/Library/Application Support/MiKTeX/texmfs/install/tex/late
x/hyperref/puenc.def
File: puenc.def 2026-01-29 v7.01p Hyperref: PDF Unicode definition (HO)
Now handling font encoding PU ...
... no UTF-8 mapping file for font encoding PU
)
Package hyperref Info: Option `colorlinks' set `true' on input line 4072.
Package hyperref Info: Hyper figures OFF on input line 4201.
Package hyperref Info: Link nesting OFF on input line 4206.
Package hyperref Info: Hyper index ON on input line 4209.
Package hyperref Info: Plain pages OFF on input line 4216.
Package hyperref Info: Backreferencing OFF on input line 4221.
Package hyperref Info: Implicit mode ON; LaTeX internals redefined.
Package hyperref Info: Bookmarks ON on input line 4468.
\c@Hy@tempcnt=\count323

(/Users/namanagrawal/Library/Application Support/MiKTeX/texmfs/install/tex/late
x/url/url.sty
\Urlmuskip=\muskip18
Package: url 2013/09/16  ver 3.4  Verb mode for urls, etc.
)
LaTeX Info: Redefining \url on input line 4807.
\XeTeXLinkMargin=\dimen258

(/Users/namanagrawal/Library/Application Support/MiKTeX/texmfs/install/tex/gene
ric/bitset/bitset.sty
Package: bitset 2019/12/09 v1.3 Handle bit-vector datatype (HO)

(/Users/namanagrawal/Library/Application Support/MiKTeX/texmfs/install/tex/gene
ric/bigintcalc/bigintcalc.sty
Package: bigintcalc 2019/12/15 v1.5 Expandable calculations on big integers (HO
)
))
\Fld@menulength=\count324
\Field@Width=\dimen259
\Fld@charsize=\dimen260
Package hyperref Info: Hyper figures OFF on input line 6084.
Package hyperref Info: Link nesting OFF on input line 6089.
Package hyperref Info: Hyper index ON on input line 6092.
Package hyperref Info: backreferencing OFF on input line 6099.
Package hyperref Info: Link coloring ON on input line 6102.
Package hyperref Info: Link coloring with OCG OFF on input line 6109.
Package hyperref Info: PDF/A mode OFF on input line 6114.
\Hy@abspage=\count325
\c@Item=\count326
\c@Hfootnote=\count327
)
Package hyperref Info: Driver (autodetected): hpdftex.

(/Users/namanagrawal/Library/Application Support/MiKTeX/texmfs/install/tex/late
x/hyperref/hpdftex.def
File: hpdftex.def 2026-01-29 v7.01p Hyperref driver for pdfTeX
\Fld@listcount=\count328
\c@bookmark@seq@number=\count329

(/Users/namanagrawal/Library/Application Support/MiKTeX/texmfs/install/tex/late
x/rerunfilecheck/rerunfilecheck.sty
Package: rerunfilecheck 2025-06-21 v1.11 Rerun checks for auxiliary files (HO)

(/Users/namanagrawal/Library/Application Support/MiKTeX/texmfs/install/tex/gene
ric/uniquecounter/uniquecounter.sty
Package: uniquecounter 2019/12/15 v1.4 Provide unlimited unique counter (HO)
)
Package uniquecounter Info: New unique counter `rerunfilecheck' on input line 2
84.
)
\Hy@SectionHShift=\skip74
)
(/Users/namanagrawal/Library/Application Support/MiKTeX/texmfs/install/tex/late
x/caption/caption.sty
Package: caption 2023/08/05 v3.6o Customizing captions (AR)

(/Users/namanagrawal/Library/Application Support/MiKTeX/texmfs/install/tex/late
x/caption/caption3.sty
Package: caption3 2023/07/31 v2.4d caption3 kernel (AR)
\caption@tempdima=\dimen261
\captionmargin=\dimen262
\caption@leftmargin=\dimen263
\caption@rightmargin=\dimen264
\caption@width=\dimen265
\caption@indent=\dimen266
\caption@parindent=\dimen267
\caption@hangindent=\dimen268
Package caption Info: Standard document class detected.
)
\c@caption@flags=\count330
\c@continuedfloat=\count331
Package caption Info: float package is loaded.
Package caption Info: hyperref package is loaded.
Package caption Info: longtable package is loaded.

(/Users/namanagrawal/Library/Application Support/MiKTeX/texmfs/install/tex/late
x/caption/ltcaption.sty
Package: ltcaption 2021/01/08 v1.4c longtable captions (AR)
)
Package caption Info: rotating package is loaded.
Package caption Info: threeparttable package is loaded.
)
(/Users/namanagrawal/Library/Application Support/MiKTeX/texmfs/install/tex/late
x/caption/subcaption.sty
Package: subcaption 2023/07/28 v1.6b Sub-captions (AR)
Package caption Info: New subtype `subfigure' on input line 238.
\c@subfigure=\count332
Package caption Info: New subtype `subtable' on input line 238.
\c@subtable=\count333
)
(/Users/namanagrawal/Library/Application Support/MiKTeX/texmfs/install/tex/late
x/appendix/appendix.sty
Package: appendix 2020/02/08 v1.2c extra appendix facilities
\c@@pps=\count334
\c@@ppsavesec=\count335
\c@@ppsaveapp=\count336
)
(/Users/namanagrawal/Library/Application Support/MiKTeX/texmfs/install/tex/late
x/enumitem/enumitem.sty
Package: enumitem 2025/02/06 v3.11 Customized lists
\labelindent=\skip75
\enit@outerparindent=\dimen269
\enit@toks=\toks40
\enit@inbox=\box68
\enit@count@id=\count337
\enitdp@description=\count338
)
(/Users/namanagrawal/Library/Application Support/MiKTeX/texmfs/install/tex/late
x/xcolor/xcolor.sty
Package: xcolor 2024/09/29 v3.02 LaTeX color extensions (UK)

(/Users/namanagrawal/Library/Application Support/MiKTeX/texmfs/install/tex/late
x/graphics-cfg/color.cfg
File: color.cfg 2016/01/02 v1.6 sample color configuration
)
Package xcolor Info: Driver file: pdftex.def on input line 274.

(/Users/namanagrawal/Library/Application Support/MiKTeX/texmfs/install/tex/late
x/graphics/mathcolor.ltx)
Package xcolor Info: Model `cmy' substituted by `cmy0' on input line 1349.
Package xcolor Info: Model `hsb' substituted by `rgb' on input line 1353.
Package xcolor Info: Model `RGB' extended on input line 1365.
Package xcolor Info: Model `HTML' substituted by `rgb' on input line 1367.
Package xcolor Info: Model `Hsb' substituted by `hsb' on input line 1368.
Package xcolor Info: Model `tHsb' substituted by `hsb' on input line 1369.
Package xcolor Info: Model `HSB' substituted by `hsb' on input line 1370.
Package xcolor Info: Model `Gray' substituted by `gray' on input line 1371.
Package xcolor Info: Model `wave' substituted by `hsb' on input line 1372.
)
(/Users/namanagrawal/Library/Application Support/MiKTeX/texmfs/install/tex/gene
ric/soul/soul.sty
Package: soul 2023-06-14 v3.1 Permit use of UTF-8 characters in soul (HO)

(/Users/namanagrawal/Library/Application Support/MiKTeX/texmfs/install/tex/gene
ric/soul/soul-ori.sty
Package: soul-ori 2023-06-14 v3.1 letterspacing/underlining (mf)
\SOUL@word=\toks41
\SOUL@lasttoken=\toks42
\SOUL@syllable=\toks43
\SOUL@cmds=\toks44
\SOUL@buffer=\toks45
\SOUL@token=\toks46
\SOUL@syllgoal=\dimen270
\SOUL@syllwidth=\dimen271
\SOUL@charkern=\dimen272
\SOUL@hyphkern=\dimen273
\SOUL@dimen=\dimen274
\SOUL@dimeni=\dimen275
\SOUL@minus=\count339
\SOUL@comma=\count340
\SOUL@apo=\count341
\SOUL@grave=\count342
\SOUL@spaceskip=\skip76
\SOUL@ttwidth=\dimen276
\SOUL@uldp=\dimen277
\SOUL@ulht=\dimen278
)
(/Users/namanagrawal/Library/Application Support/MiKTeX/texmfs/install/tex/gene
ric/etexcmds/etexcmds.sty
Package: etexcmds 2019/12/15 v1.7 Avoid name clashes with e-TeX commands (HO)
))
(/Users/namanagrawal/Library/Application Support/MiKTeX/texmfs/install/tex/late
x/titlesec/titlesec.sty
Package: titlesec 2025/01/04 v2.17 Sectioning titles
\ttl@box=\box69
\beforetitleunit=\skip77
\aftertitleunit=\skip78
\ttl@plus=\dimen279
\ttl@minus=\dimen280
\ttl@toksa=\toks47
\titlewidth=\dimen281
\titlewidthlast=\dimen282
\titlewidthfirst=\dimen283
)
\c@theorem=\count343
\c@definition=\count344
\c@assumption=\count345
\c@hypothesis=\count346
\c@example=\count347
\c@remark=\count348
LaTeX Font Info:    Trying to load font information for T1+lmr on input line 11
5.

(/Users/namanagrawal/Library/Application Support/MiKTeX/texmfs/install/tex/late
x/lm/t1lmr.fd
File: t1lmr.fd 2015/05/01 v1.6.1 Font defs for Latin Modern
)
(/Users/namanagrawal/Library/Application Support/MiKTeX/texmfs/install/tex/late
x/l3backend/l3backend-pdftex.def
File: l3backend-pdftex.def 2025-10-09 L3 backend support: PDF output (pdfTeX)
\l__color_backend_stack_int=\count349
) (main.aux)
\openout1 = `main.aux'.

LaTeX Font Info:    Checking defaults for OML/cmm/m/it on input line 115.
LaTeX Font Info:    ... okay on input line 115.
LaTeX Font Info:    Checking defaults for OMS/cmsy/m/n on input line 115.
LaTeX Font Info:    ... okay on input line 115.
LaTeX Font Info:    Checking defaults for OT1/cmr/m/n on input line 115.
LaTeX Font Info:    ... okay on input line 115.
LaTeX Font Info:    Checking defaults for T1/cmr/m/n on input line 115.
LaTeX Font Info:    ... okay on input line 115.
LaTeX Font Info:    Checking defaults for TS1/cmr/m/n on input line 115.
LaTeX Font Info:    ... okay on input line 115.
LaTeX Font Info:    Checking defaults for OMX/cmex/m/n on input line 115.
LaTeX Font Info:    ... okay on input line 115.
LaTeX Font Info:    Checking defaults for U/cmr/m/n on input line 115.
LaTeX Font Info:    ... okay on input line 115.
LaTeX Font Info:    Checking defaults for PD1/pdf/m/n on input line 115.
LaTeX Font Info:    ... okay on input line 115.
LaTeX Font Info:    Checking defaults for PU/pdf/m/n on input line 115.
LaTeX Font Info:    ... okay on input line 115.

*geometry* driver: auto-detecting
*geometry* detected driver: pdftex
*geometry* verbose mode - [ preamble ] result:
* driver: pdftex
* paper: letterpaper
* layout: <same size as paper>
* layoutoffset:(h,v)=(0.0pt,0.0pt)
* modes: 
* h-part:(L,W,R)=(90.3375pt, 433.62001pt, 90.3375pt)
* v-part:(T,H,B)=(90.3375pt, 614.295pt, 90.3375pt)
* \paperwidth=614.295pt
* \paperheight=794.96999pt
* \textwidth=433.62001pt
* \textheight=614.295pt
* \oddsidemargin=18.0675pt
* \evensidemargin=18.0675pt
* \topmargin=-18.9325pt
* \headheight=12.0pt
* \headsep=25.0pt
* \topskip=11.0pt
* \footskip=30.0pt
* \marginparwidth=59.0pt
* \marginparsep=10.0pt
* \columnsep=10.0pt
* \skip\footins=10.0pt plus 4.0pt minus 2.0pt
* \hoffset=0.0pt
* \voffset=0.0pt
* \mag=1000
* \@twocolumnfalse
* \@twosidefalse
* \@mparswitchfalse
* \@reversemarginfalse
* (1in=72.27pt=25.4mm, 1cm=28.453pt)

LaTeX Info: Redefining \microtypecontext on input line 115.
Package microtype Info: Applying patch `item' on input line 115.
Package microtype Info: Applying patch `toc' on input line 115.
Package microtype Info: Applying patch `eqnum' on input line 115.

Package microtype Warning: Unable to apply patch `footnote' on input line 115.

Package microtype Info: Applying patch `verbatim' on input line 115.
LaTeX Info: Redefining \microtypesetup on input line 115.
Package microtype Info: Generating PDF output.
Package microtype Info: Character protrusion enabled (level 2).
Package microtype Info: Using default protrusion set `alltext'.
Package microtype Info: Automatic font expansion enabled (level 2),
(microtype)             stretch: 20, shrink: 20, step: 1, non-selected.
Package microtype Info: Using default expansion set `alltext-nott'.
Package microtype Info: Patching command `\showhyphens'.
Package microtype Info: No adjustment of tracking.
Package microtype Info: No adjustment of interword spacing.
Package microtype Info: No adjustment of character kerning.

(/Users/namanagrawal/Library/Application Support/MiKTeX/texmfs/install/tex/late
x/microtype/mt-cmr.cfg
File: mt-cmr.cfg 2013/05/19 v2.2 microtype config. file: Computer Modern Roman 
(RS)
)
(/Users/namanagrawal/Library/Application Support/MiKTeX/texmfs/install/tex/cont
ext/base/mkii/supp-pdf.mkii
[Loading MPS to PDF converter (version 2006.09.02).]
\scratchcounter=\count350
\scratchdimen=\dimen284
\scratchbox=\box70
\nofMPsegments=\count351
\nofMParguments=\count352
\everyMPshowfont=\toks48
\MPscratchCnt=\count353
\MPscratchDim=\dimen285
\MPnumerator=\count354
\makeMPintoPDFobject=\count355
\everyMPtoPDFconversion=\toks49
)
(/Users/namanagrawal/Library/Application Support/MiKTeX/texmfs/install/tex/late
x/epstopdf-pkg/epstopdf-base.sty
Package: epstopdf-base 2020-01-24 v2.11 Base part for package epstopdf
Package epstopdf-base Info: Redefining graphics rule for `.eps' on input line 4
85.

(/Users/namanagrawal/Library/Application Support/MiKTeX/texmfs/install/tex/late
x/00miktex/epstopdf-sys.cfg
File: epstopdf-sys.cfg 2021/03/18 v2.0 Configuration of epstopdf for MiKTeX
))
Package hyperref Info: Link coloring ON on input line 115.
 (main.out) (main.out)
\@outlinefile=\write3
\openout3 = `main.out'.

Package caption Info: Begin \AtBeginDocument code.
Package caption Info: End \AtBeginDocument code.
LaTeX Font Info:    Trying to load font information for OT1+lmr on input line 1
41.

(/Users/namanagrawal/Library/Application Support/MiKTeX/texmfs/install/tex/late
x/lm/ot1lmr.fd
File: ot1lmr.fd 2015/05/01 v1.6.1 Font defs for Latin Modern
)
LaTeX Font Info:    Trying to load font information for OML+lmm on input line 1
41.

(/Users/namanagrawal/Library/Application Support/MiKTeX/texmfs/install/tex/late
x/lm/omllmm.fd
File: omllmm.fd 2015/05/01 v1.6.1 Font defs for Latin Modern
)
LaTeX Font Info:    Trying to load font information for OMS+lmsy on input line 
141.

(/Users/namanagrawal/Library/Application Support/MiKTeX/texmfs/install/tex/late
x/lm/omslmsy.fd
File: omslmsy.fd 2015/05/01 v1.6.1 Font defs for Latin Modern
)
LaTeX Font Info:    Trying to load font information for OMX+lmex on input line 
141.

(/Users/namanagrawal/Library/Application Support/MiKTeX/texmfs/install/tex/late
x/lm/omxlmex.fd
File: omxlmex.fd 2015/05/01 v1.6.1 Font defs for Latin Modern
)
LaTeX Font Info:    External font `lmex10' loaded for size
(Font)              <10> on input line 141.
LaTeX Font Info:    External font `lmex10' loaded for size
(Font)              <7> on input line 141.
LaTeX Font Info:    External font `lmex10' loaded for size
(Font)              <5> on input line 141.
LaTeX Font Info:    Trying to load font information for U+msa on input line 141
.

(/Users/namanagrawal/Library/Application Support/MiKTeX/texmfs/install/tex/late
x/amsfonts/umsa.fd
File: umsa.fd 2013/01/14 v3.01 AMS symbols A
)
(/Users/namanagrawal/Library/Application Support/MiKTeX/texmfs/install/tex/late
x/microtype/mt-msa.cfg
File: mt-msa.cfg 2006/02/04 v1.1 microtype config. file: AMS symbols (a) (RS)
)
LaTeX Font Info:    Trying to load font information for U+msb on input line 141
.

(/Users/namanagrawal/Library/Application Support/MiKTeX/texmfs/install/tex/late
x/amsfonts/umsb.fd
File: umsb.fd 2013/01/14 v3.01 AMS symbols B
)
(/Users/namanagrawal/Library/Application Support/MiKTeX/texmfs/install/tex/late
x/microtype/mt-msb.cfg
File: mt-msb.cfg 2005/06/01 v1.0 microtype config. file: AMS symbols (b) (RS)
)

[1

{/Users/namanagrawal/Library/Application Support/MiKTeX/texmfs/data/fonts/map/p
dftex/pdftex.map}]

[2]


pdfTeX warning (ext4): destination with the same identifier (name{page.1}) has 
been already used, duplicate ignored
<to be read again> 
                   \relax 
l.174 
       [1]


pdfTeX warning (ext4): destination with the same identifier (name{page.2}) has 
been already used, duplicate ignored
<to be read again> 
                   \relax 
l.181 
       [2]

[3]

[4]

[5]
LaTeX Font Info:    External font `lmex10' loaded for size
(Font)              <10.95> on input line 214.
LaTeX Font Info:    External font `lmex10' loaded for size
(Font)              <8> on input line 214.
LaTeX Font Info:    External font `lmex10' loaded for size
(Font)              <6> on input line 214.


[6]

[7]

[8]

[9]

[10]
LaTeX Font Info:    Trying to load font information for TS1+lmr on input line 2
77.

(/Users/namanagrawal/Library/Application Support/MiKTeX/texmfs/install/tex/late
x/lm/ts1lmr.fd
File: ts1lmr.fd 2015/05/01 v1.6.1 Font defs for Latin Modern
)

[11]

[12]

[13]

[14]

[15]

[16]

[17]

[18]

[19]

[20]

[21]

[22]

[23] (tables/table1_summary_stats.tex)

[24]

[25]
<figures/fig1_distributions.pdf, id=808, 578.16pt x 433.62pt>
File: figures/fig1_distributions.pdf Graphic file (type pdf)
<use figures/fig1_distributions.pdf>
Package pdftex.def Info: figures/fig1_distributions.pdf  used on input line 777
.
(pdftex.def)             Requested size: 411.93768pt x 308.95084pt.


[26 <./figures/fig1_distributions.pdf>]
<figures/fig2_time_trends.pdf, id=824, 578.16pt x 361.35pt>
File: figures/fig2_time_trends.pdf Graphic file (type pdf)
<use figures/fig2_time_trends.pdf>
Package pdftex.def Info: figures/fig2_time_trends.pdf  used on input line 791.
(pdftex.def)             Requested size: 411.93768pt x 257.45903pt.


[27 <./figures/fig2_time_trends.pdf>]

[28]

[29]
<figures/fig3_event_study.pdf, id=864, 578.16pt x 361.35pt>
File: figures/fig3_event_study.pdf Graphic file (type pdf)
<use figures/fig3_event_study.pdf>
Package pdftex.def Info: figures/fig3_event_study.pdf  used on input line 898.
(pdftex.def)             Requested size: 390.25536pt x 243.90623pt.


[30]
<figures/fig4_did.pdf, id=871, 578.16pt x 361.35pt>
File: figures/fig4_did.pdf Graphic file (type pdf)
<use figures/fig4_did.pdf>
Package pdftex.def Info: figures/fig4_did.pdf  used on input line 920.
(pdftex.def)             Requested size: 390.25536pt x 243.90623pt.
 (tables/table3_did_results.tex
Overfull \hbox (36.09238pt too wide) in paragraph at lines 6--32
 [] 
 []

)

[31 <./figures/fig3_event_study.pdf>]

[32 <./figures/fig4_did.pdf>]
<figures/fig10_placebo.pdf, id=902, 578.16pt x 361.35pt>
File: figures/fig10_placebo.pdf Graphic file (type pdf)
<use figures/fig10_placebo.pdf>
Package pdftex.def Info: figures/fig10_placebo.pdf  used on input line 946.
(pdftex.def)             Requested size: 368.57965pt x 230.35895pt.


[33]

[34 <./figures/fig10_placebo.pdf>]
<figures/fig12_addsub_decomposition.pdf, id=929, 722.7pt x 289.08pt>
File: figures/fig12_addsub_decomposition.pdf Graphic file (type pdf)
<use figures/fig12_addsub_decomposition.pdf>
Package pdftex.def Info: figures/fig12_addsub_decomposition.pdf  used on input 
line 981.
(pdftex.def)             Requested size: 411.93768pt x 164.7773pt.


[35 <./figures/fig12_addsub_decomposition.pdf>]

[36] (tables/table6_addsub.tex)

[37

]

[38

] (tables/table4_keywords.tex)

[39]

[40]
<figures/fig5_keywords.pdf, id=984, 505.89pt x 289.08pt>
File: figures/fig5_keywords.pdf Graphic file (type pdf)
<use figures/fig5_keywords.pdf>
Package pdftex.def Info: figures/fig5_keywords.pdf  used on input line 1060.
(pdftex.def)             Requested size: 368.57965pt x 210.62082pt.


[41 <./figures/fig5_keywords.pdf>] (tables/table8_margins.tex)

[42]

[43]

[44]
Overfull \hbox (0.5839pt too wide) in paragraph at lines 1114--1115
[]\T1/lmr/bx/n/10.95 (-20) Anger/Injustice\T1/lmr/m/n/10.95 (-20) : Terms indic
ating moral outrage (``injustice,'' ``unfair,'' ``discrimination,''
 []

(tables/table7_emotions.tex)

[45]

[46]

[47]
<figures/fig13_sentiment_analysis.pdf, id=1052, 722.7pt x 578.16pt>
File: figures/fig13_sentiment_analysis.pdf Graphic file (type pdf)
<use figures/fig13_sentiment_analysis.pdf>
Package pdftex.def Info: figures/fig13_sentiment_analysis.pdf  used on input li
ne 1152.
(pdftex.def)             Requested size: 411.93768pt x 329.55463pt.


[48 <./figures/fig13_sentiment_analysis.pdf>] (tables/table9_narrative.tex)

[49]

[50] (tables/table10_identifiable.tex)

[51]

[52] (tables/table11_text_crisis.tex)

[53]
<figures/fig14_text_comprehensive.pdf, id=1114, 578.16pt x 433.62pt>
File: figures/fig14_text_comprehensive.pdf Graphic file (type pdf)
<use figures/fig14_text_comprehensive.pdf>
Package pdftex.def Info: figures/fig14_text_comprehensive.pdf  used on input li
ne 1229.
(pdftex.def)             Requested size: 411.93768pt x 308.95084pt.


[54 <./figures/fig14_text_comprehensive.pdf>]
<figures/fig6_theme_heterogeneity.pdf, id=1130, 505.89pt x 361.35pt>
File: figures/fig6_theme_heterogeneity.pdf Graphic file (type pdf)
<use figures/fig6_theme_heterogeneity.pdf>
Package pdftex.def Info: figures/fig6_theme_heterogeneity.pdf  used on input li
ne 1258.
(pdftex.def)             Requested size: 390.25536pt x 278.75865pt.


[55]

[56 <./figures/fig6_theme_heterogeneity.pdf>]

[57]
<figures/fig7_quantile_regression.pdf, id=1155, 505.89pt x 361.35pt>
File: figures/fig7_quantile_regression.pdf Graphic file (type pdf)
<use figures/fig7_quantile_regression.pdf>
Package pdftex.def Info: figures/fig7_quantile_regression.pdf  used on input li
ne 1282.
(pdftex.def)             Requested size: 368.57965pt x 263.27605pt.


[58 <./figures/fig7_quantile_regression.pdf>]

[59]
<figures/fig8_regional.pdf, id=1177, 722.7pt x 289.08pt>
File: figures/fig8_regional.pdf Graphic file (type pdf)
<use figures/fig8_regional.pdf>
Package pdftex.def Info: figures/fig8_regional.pdf  used on input line 1308.
(pdftex.def)             Requested size: 433.62001pt x 173.44933pt.


[60 <./figures/fig8_regional.pdf>]

[61]
<figures/fig9_world_map.pdf, id=1198, 722.7pt x 361.35pt>
File: figures/fig9_world_map.pdf Graphic file (type pdf)
<use figures/fig9_world_map.pdf>
Package pdftex.def Info: figures/fig9_world_map.pdf  used on input line 1334.
(pdftex.def)             Requested size: 433.62001pt x 216.81168pt.


[62]

[63 <./figures/fig9_world_map.pdf>] (tables/table12_robustness.tex
Overfull \hbox (16.91649pt too wide) in paragraph at lines 7--37
 [][] 
 []

) (tables/table2_ols_results.tex)

[64]

[65]

[66] (tables/table13_se_robust.tex
Overfull \hbox (12.83862pt too wide) in paragraph at lines 5--17
 [][] 
 []

)

[67]
<figures/fig11_time_stability.pdf, id=1240, 578.16pt x 361.35pt>
File: figures/fig11_time_stability.pdf Graphic file (type pdf)
<use figures/fig11_time_stability.pdf>
Package pdftex.def Info: figures/fig11_time_stability.pdf  used on input line 1
399.
(pdftex.def)             Requested size: 368.57965pt x 230.35895pt.


[68]

[69 <./figures/fig11_time_stability.pdf>]

[70]

[71]

[72]

[73]

[74]

[75]

[76]

[77]

[78] (main.bbl

[79]

[80]

[81]

[82])

[83]

[84] (tables/table14_app_treatment.tex
Overfull \hbox (40.56096pt too wide) in paragraph at lines 7--59
 [][] 
 []


LaTeX Warning: Float too large for page by 36.3017pt on input line 59.

)

[85]

[86]

[87]

[88]

[89]

[90]

[91]

[92]

[93]

[94]

[95]

[96]

[97]

[98]

[99]
LaTeX Font Info:    Trying to load font information for T1+lmtt on input line 2
009.

(/Users/namanagrawal/Library/Application Support/MiKTeX/texmfs/install/tex/late
x/lm/t1lmtt.fd
File: t1lmtt.fd 2015/05/01 v1.6.1 Font defs for Latin Modern
)
Package microtype Info: Loading generic protrusion settings for font family
(microtype)             `lmtt' (encoding: T1).
(microtype)             For optimal results, create family-specific settings.
(microtype)             See the microtype manual for details.


[100]

[101]

[102] (main.aux)
 ***********
LaTeX2e <2025-06-01> patch level 1
L3 programming layer <2026-01-19>
 ***********
Package rerunfilecheck Info: File `main.out' has not changed.
(rerunfilecheck)             Checksum: C2FC8AD5A473CEBFA8F58E3782CF7E07;21383.
 ) 
Here is how much of TeX's memory you used:
 18886 strings out of 468129
 313893 string characters out of 5418621
 760281 words of memory out of 5000000
 46381 multiletter control sequences out of 15000+600000
 748186 words of font info for 310 fonts, out of 8000000 for 9000
 1141 hyphenation exceptions out of 8191
 69i,16n,79p,2089b,738s stack positions out of 10000i,1000n,20000p,200000b,200000s
{/Users/namanagrawal/Library/Application Support/MiKTeX/texmfs/install/fonts/
enc/dvips/lm/lm-ec.enc}{/Users/namanagrawal/Library/Application Support/MiKTeX/
texmfs/install/fonts/enc/dvips/lm/lm-mathsy.enc}{/Users/namanagrawal/Library/Ap
plication Support/MiKTeX/texmfs/install/fonts/enc/dvips/lm/lm-mathit.enc}{/User
s/namanagrawal/Library/Application Support/MiKTeX/texmfs/install/fonts/enc/dvip
s/lm/lm-rm.enc}{/Users/namanagrawal/Library/Application Support/MiKTeX/texmfs/i
nstall/fonts/enc/dvips/lm/lm-ts1.enc}{/Users/namanagrawal/Library/Application S
upport/MiKTeX/texmfs/install/fonts/enc/dvips/lm/lm-mathex.enc}</Users/namanagra
wal/Library/Application Support/MiKTeX/texmfs/install/fonts/type1/public/lm/lmb
x10.pfb></Users/namanagrawal/Library/Application Support/MiKTeX/texmfs/install/
fonts/type1/public/lm/lmbx12.pfb></Users/namanagrawal/Library/Application Suppo
rt/MiKTeX/texmfs/install/fonts/type1/public/lm/lmbxi10.pfb></Users/namanagrawal
/Library/Application Support/MiKTeX/texmfs/install/fonts/type1/public/lm/lmex10
.pfb></Users/namanagrawal/Library/Application Support/MiKTeX/texmfs/install/fon
ts/type1/public/lm/lmmi10.pfb></Users/namanagrawal/Library/Application Support/
MiKTeX/texmfs/install/fonts/type1/public/lm/lmmi6.pfb></Users/namanagrawal/Libr
ary/Application Support/MiKTeX/texmfs/install/fonts/type1/public/lm/lmmi8.pfb><
/Users/namanagrawal/Library/Application Support/MiKTeX/texmfs/install/fonts/typ
e1/public/lm/lmmib10.pfb></Users/namanagrawal/Library/Application Support/MiKTe
X/texmfs/install/fonts/type1/public/lm/lmr10.pfb></Users/namanagrawal/Library/A
pplication Support/MiKTeX/texmfs/install/fonts/type1/public/lm/lmr12.pfb></User
s/namanagrawal/Library/Application Support/MiKTeX/texmfs/install/fonts/type1/pu
blic/lm/lmr6.pfb></Users/namanagrawal/Library/Application Support/MiKTeX/texmfs
/install/fonts/type1/public/lm/lmr8.pfb></Users/namanagrawal/Library/Applicatio
n Support/MiKTeX/texmfs/install/fonts/type1/public/lm/lmri10.pfb></Users/namana
grawal/Library/Application Support/MiKTeX/texmfs/install/fonts/type1/public/lm/
lmri8.pfb></Users/namanagrawal/Library/Application Support/MiKTeX/texmfs/instal
l/fonts/type1/public/lm/lmsy10.pfb></Users/namanagrawal/Library/Application Sup
port/MiKTeX/texmfs/install/fonts/type1/public/lm/lmsy6.pfb></Users/namanagrawal
/Library/Application Support/MiKTeX/texmfs/install/fonts/type1/public/lm/lmsy8.
pfb></Users/namanagrawal/Library/Application Support/MiKTeX/texmfs/install/font
s/type1/public/lm/lmtt10.pfb></Users/namanagrawal/Library/Application Support/M
iKTeX/texmfs/install/fonts/type1/public/amsfonts/symbols/msbm10.pfb>
Output written on main.pdf (104 pages, 1362806 bytes).
PDF statistics:
 1620 PDF objects out of 1728 (max. 8388607)
 386 named destinations out of 1000 (max. 500000)
 60687 words of extra memory for PDF output out of 61914 (max. 10000000)

